> astro build
07:40:18 [types] Generated 138ms
07:40:18 [build] output: "server"
07:40:18 [build] mode: "server"
07:40:18 [build] directory: /Users/hshino/Kuliah/Startup/LoketKu/dist/
07:40:18 [build] adapter: @astrojs/vercel
07:40:18 [build] Collecting build info...
07:40:18 [build] ✓ Completed in 219ms.
07:40:18 [build] Building server entrypoints...
07:40:19 [vite] ✓ built in 1.42s
07:40:21 [WARN] [router] getStaticPaths() ignored in dynamic page /src/pages/checkout/[id].astro. Add `export const prerender = true;` to prerender the page as static HTML during the build process.
/*! 🌼 daisyUI 5.5.19 */
07:40:22 [vite] ✓ built in 2.41s
07:40:23 [vite] ✓ built in 1.06s
07:40:23 [build] Rearranging server assets...
07:40:23 [build] ✓ Completed in 5.06s.
07:40:23 [WARN] [@astrojs/vercel] 
	The local Node.js version (26) is not supported by Vercel Serverless Functions.
	Your project will use Node.js 24 as the runtime instead.
	Consider switching your local version to 24.
07:40:23 [@astrojs/vercel] Bundling function ../../../../dist/server/entry.mjs
07:40:26 [build] Waiting for integration "@astrojs/vercel", hook "astro:build:done"...
07:40:27 [@astrojs/vercel] Copying static files to .vercel/output/static
07:40:27 [build] Server built in 9.17s
07:40:27 [build] Complete!
(node:40374) [DEP0205] DeprecationWarning: `module.register()` is deprecated. Use `module.registerHooks()` instead.
(Use `node --trace-deprecation ...` to show where the warning was created)
